<?xml version="1.0" encoding="UTF-8"?>
<!-- Generated by org.testng.reporters.JUnitReportReporter -->
<testsuite skipped="0" hostname="B2ML39194" name="recaptcha_test.ListView" tests="2" failures="0" timestamp="2021-09-30T20:20:59 IST" time="80.080" errors="0">
  <testcase name="saveSearchListView" time="35.043" classname="recaptcha_test.ListView"/>
  <system-out/>
  <testcase name="HeartIconinListView" time="45.037" classname="recaptcha_test.ListView"/>
  <system-out/>
</testsuite> <!-- recaptcha_test.ListView -->
