<?xml version="1.0" encoding="UTF-8"?>
<!-- Generated by org.testng.reporters.JUnitReportReporter -->
<testsuite skipped="0" hostname="B2ML39194" name="recaptcha_test.HomeDetailsPage" tests="5" failures="0" timestamp="2021-10-05T12:46:32 IST" time="267.363" errors="0">
  <testcase name="RequestShowing" time="44.628" classname="recaptcha_test.HomeDetailsPage"/>
  <system-out/>
  <testcase name="SaveHomeInDetailsPage" time="46.983" classname="recaptcha_test.HomeDetailsPage"/>
  <system-out/>
  <testcase name="RequestMoreInfo" time="94.189" classname="recaptcha_test.HomeDetailsPage"/>
  <system-out/>
  <testcase name="GoSeeThisHome" time="45.112" classname="recaptcha_test.HomeDetailsPage"/>
  <system-out/>
  <testcase name="TourThisHomeInHD" time="36.451" classname="recaptcha_test.HomeDetailsPage"/>
  <system-out/>
</testsuite> <!-- recaptcha_test.HomeDetailsPage -->
