<?xml version="1.0" encoding="UTF-8"?>
<!-- Generated by org.testng.reporters.JUnitReportReporter -->
<testsuite skipped="0" hostname="B2ML39194" name="recaptcha_test.DirectSignup" tests="1" failures="0" timestamp="2021-10-04T15:08:07 IST" time="15.445" errors="0">
  <testcase name="DirectSignupContact" time="15.445" classname="recaptcha_test.DirectSignup"/>
  <system-out/>
</testsuite> <!-- recaptcha_test.DirectSignup -->
