<?xml version="1.0" encoding="UTF-8"?>
<!-- Generated by org.testng.reporters.JUnitReportReporter -->
<testsuite skipped="0" hostname="B2ML39194" name="recaptcha_test.ListView" tests="2" failures="0" timestamp="2021-10-01T00:11:05 IST" time="87.456" errors="0">
  <testcase name="saveSearchListView" time="49.418" classname="recaptcha_test.ListView"/>
  <system-out/>
  <testcase name="HeartIconinListView" time="38.038" classname="recaptcha_test.ListView"/>
  <system-out/>
</testsuite> <!-- recaptcha_test.ListView -->
