<?xml version="1.0" encoding="UTF-8"?>
<!-- Generated by org.testng.reporters.JUnitReportReporter -->
<testsuite skipped="0" hostname="B2ML39194" name="recaptcha_test.AgentWebSite" tests="1" failures="0" timestamp="2021-10-05T12:46:32 IST" time="54.951" errors="0">
  <testcase name="contactAgent" time="54.951" classname="recaptcha_test.AgentWebSite"/>
  <system-out/>
</testsuite> <!-- recaptcha_test.AgentWebSite -->
