<?xml version="1.0" encoding="UTF-8"?>
<!-- Generated by org.testng.reporters.JUnitReportReporter -->
<testsuite skipped="0" hostname="B2ML39194" name="recaptcha_test.ListView" tests="2" failures="0" timestamp="2021-10-04T15:08:07 IST" time="107.960" errors="0">
  <testcase name="saveSearchListView" time="47.609" classname="recaptcha_test.ListView"/>
  <system-out/>
  <testcase name="HeartIconinListView" time="60.351" classname="recaptcha_test.ListView"/>
  <system-out/>
</testsuite> <!-- recaptcha_test.ListView -->
