<?xml version="1.0" encoding="UTF-8"?>
<!-- Generated by org.testng.reporters.JUnitReportReporter -->
<testsuite skipped="0" hostname="B2ML39194" name="testcase.testcase1" tests="1" failures="0" timestamp="2021-11-10T12:16:39 IST" time="4.755" errors="0">
  <testcase name="database_validation" time="4.755" classname="testcase.testcase1"/>
  <system-out/>
</testsuite> <!-- testcase.testcase1 -->
