<?xml version="1.0" encoding="UTF-8"?>
<!-- Generated by org.testng.reporters.JUnitReportReporter -->
<testsuite skipped="0" hostname="B2ML39194" name="recaptcha_test.HomeDetailsPage" tests="5" failures="0" timestamp="2021-10-01T18:02:48 IST" time="178.682" errors="0">
  <testcase name="RequestShowing" time="37.794" classname="recaptcha_test.HomeDetailsPage"/>
  <system-out/>
  <testcase name="SaveHomeInDetailsPage" time="32.539" classname="recaptcha_test.HomeDetailsPage"/>
  <system-out/>
  <testcase name="RequestMoreInfo" time="36.398" classname="recaptcha_test.HomeDetailsPage"/>
  <system-out/>
  <testcase name="GoSeeThisHome" time="36.590" classname="recaptcha_test.HomeDetailsPage"/>
  <system-out/>
  <testcase name="TourThisHomeInHD" time="35.361" classname="recaptcha_test.HomeDetailsPage"/>
  <system-out/>
</testsuite> <!-- recaptcha_test.HomeDetailsPage -->
