<?xml version="1.0" encoding="UTF-8"?>
<!-- Generated by org.testng.reporters.JUnitReportReporter -->
<testsuite skipped="0" hostname="B2ML39194" name="recaptcha_test.HomeDetailsPage" tests="5" failures="0" timestamp="2021-09-30T20:20:59 IST" time="226.521" errors="0">
  <testcase name="RequestShowing" time="34.044" classname="recaptcha_test.HomeDetailsPage"/>
  <system-out/>
  <testcase name="SaveHomeInDetailsPage" time="34.503" classname="recaptcha_test.HomeDetailsPage"/>
  <system-out/>
  <testcase name="RequestMoreInfo" time="33.894" classname="recaptcha_test.HomeDetailsPage"/>
  <system-out/>
  <testcase name="GoSeeThisHome" time="89.291" classname="recaptcha_test.HomeDetailsPage"/>
  <system-out/>
  <testcase name="TourThisHomeInHD" time="34.789" classname="recaptcha_test.HomeDetailsPage"/>
  <system-out/>
</testsuite> <!-- recaptcha_test.HomeDetailsPage -->
