<?xml version="1.0" encoding="UTF-8"?>
<!-- Generated by org.testng.reporters.JUnitReportReporter -->
<testsuite skipped="0" hostname="B2ML39194" name="recaptcha_test.AgentWebSite" tests="1" failures="0" timestamp="2021-10-01T00:11:05 IST" time="42.702" errors="0">
  <testcase name="contactAgent" time="42.702" classname="recaptcha_test.AgentWebSite"/>
  <system-out/>
</testsuite> <!-- recaptcha_test.AgentWebSite -->
