<?xml version="1.0" encoding="UTF-8"?>
<!-- Generated by org.testng.reporters.JUnitReportReporter -->
<testsuite skipped="0" hostname="B2ML39194" name="recaptcha_test.AgentWebSite" tests="1" failures="0" timestamp="2021-10-04T15:08:07 IST" time="39.930" errors="0">
  <testcase name="contactAgent" time="39.930" classname="recaptcha_test.AgentWebSite"/>
  <system-out/>
</testsuite> <!-- recaptcha_test.AgentWebSite -->
