<?xml version="1.0" encoding="UTF-8"?>
<!-- Generated by org.testng.reporters.JUnitReportReporter -->
<testsuite skipped="0" hostname="B2ML39194" name="recaptcha.HomeDetailsPage" tests="5" failures="0" timestamp="2021-09-30T17:37:55 IST" time="232.648" errors="0">
  <testcase name="RequestShowing" time="59.634" classname="recaptcha.HomeDetailsPage"/>
  <system-out/>
  <testcase name="SaveHomeInDetailsPage" time="33.659" classname="recaptcha.HomeDetailsPage"/>
  <system-out/>
  <testcase name="RequestMoreInfo" time="33.865" classname="recaptcha.HomeDetailsPage"/>
  <system-out/>
  <testcase name="GoSeeThisHome" time="33.516" classname="recaptcha.HomeDetailsPage"/>
  <system-out/>
  <testcase name="TourThisHomeInHD" time="71.974" classname="recaptcha.HomeDetailsPage"/>
  <system-out/>
</testsuite> <!-- recaptcha.HomeDetailsPage -->
