<?xml version="1.0" encoding="UTF-8"?>
<!-- Generated by org.testng.reporters.JUnitReportReporter -->
<testsuite skipped="0" hostname="B2ML39194" name="C21Recaptcha_test.DirectSignupC21" tests="1" failures="0" timestamp="2021-10-01T16:44:18 IST" time="78.504" errors="0">
  <testcase name="DirectSignupContactC21" time="78.504" classname="C21Recaptcha_test.DirectSignupC21"/>
  <system-out/>
</testsuite> <!-- C21Recaptcha_test.DirectSignupC21 -->
