<?xml version="1.0" encoding="UTF-8"?>
<!-- Generated by org.testng.reporters.JUnitReportReporter -->
<testsuite skipped="0" hostname="B2ML39194" name="recaptcha_test.HomeDetailsPage" tests="5" failures="0" timestamp="2021-10-01T00:11:05 IST" time="272.258" errors="0">
  <testcase name="RequestShowing" time="35.677" classname="recaptcha_test.HomeDetailsPage"/>
  <system-out/>
  <testcase name="SaveHomeInDetailsPage" time="68.737" classname="recaptcha_test.HomeDetailsPage"/>
  <system-out/>
  <testcase name="RequestMoreInfo" time="51.672" classname="recaptcha_test.HomeDetailsPage"/>
  <system-out/>
  <testcase name="GoSeeThisHome" time="58.299" classname="recaptcha_test.HomeDetailsPage"/>
  <system-out/>
  <testcase name="TourThisHomeInHD" time="57.873" classname="recaptcha_test.HomeDetailsPage"/>
  <system-out/>
</testsuite> <!-- recaptcha_test.HomeDetailsPage -->
