<?xml version="1.0" encoding="UTF-8"?>
<!-- Generated by org.testng.reporters.JUnitReportReporter -->
<testsuite skipped="0" hostname="B2ML39194" name="C21Recaptcha_test.HomeDetailsPageC21" tests="5" failures="0" timestamp="2021-10-01T16:44:18 IST" time="222.664" errors="0">
  <testcase name="RequestShowingC21" time="34.431" classname="C21Recaptcha_test.HomeDetailsPageC21"/>
  <system-out/>
  <testcase name="SaveHomeInDetailsPageC21" time="37.141" classname="C21Recaptcha_test.HomeDetailsPageC21"/>
  <system-out/>
  <testcase name="RequestMoreInfoC21" time="60.730" classname="C21Recaptcha_test.HomeDetailsPageC21"/>
  <system-out/>
  <testcase name="GoSeeThisHomeC21" time="34.972" classname="C21Recaptcha_test.HomeDetailsPageC21"/>
  <system-out/>
  <testcase name="TourThisHomeInHDC21" time="55.390" classname="C21Recaptcha_test.HomeDetailsPageC21"/>
  <system-out/>
</testsuite> <!-- C21Recaptcha_test.HomeDetailsPageC21 -->
