<?xml version="1.0" encoding="UTF-8"?>
<!-- Generated by org.testng.reporters.JUnitReportReporter -->
<testsuite skipped="0" hostname="B2ML39194" name="recaptcha_test.HomeDetailsPage" tests="5" failures="0" timestamp="2021-10-04T15:08:07 IST" time="193.094" errors="0">
  <testcase name="RequestShowing" time="45.740" classname="recaptcha_test.HomeDetailsPage"/>
  <system-out/>
  <testcase name="SaveHomeInDetailsPage" time="32.312" classname="recaptcha_test.HomeDetailsPage"/>
  <system-out/>
  <testcase name="RequestMoreInfo" time="38.977" classname="recaptcha_test.HomeDetailsPage"/>
  <system-out/>
  <testcase name="GoSeeThisHome" time="38.784" classname="recaptcha_test.HomeDetailsPage"/>
  <system-out/>
  <testcase name="TourThisHomeInHD" time="37.281" classname="recaptcha_test.HomeDetailsPage"/>
  <system-out/>
</testsuite> <!-- recaptcha_test.HomeDetailsPage -->
