<?xml version="1.0" encoding="UTF-8"?>
<!-- Generated by org.testng.reporters.JUnitReportReporter -->
<testsuite skipped="0" hostname="B2ML39194" name="C21Recaptcha_test.HomeDetailsPage" tests="5" failures="0" timestamp="2021-10-01T16:10:52 IST" time="233.726" errors="0">
  <testcase name="RequestShowingC21" time="53.163" classname="C21Recaptcha_test.HomeDetailsPage"/>
  <system-out/>
  <testcase name="SaveHomeInDetailsPageC21" time="35.739" classname="C21Recaptcha_test.HomeDetailsPage"/>
  <system-out/>
  <testcase name="RequestMoreInfoC21" time="66.119" classname="C21Recaptcha_test.HomeDetailsPage"/>
  <system-out/>
  <testcase name="GoSeeThisHomeC21" time="37.256" classname="C21Recaptcha_test.HomeDetailsPage"/>
  <system-out/>
  <testcase name="TourThisHomeInHDC21" time="41.449" classname="C21Recaptcha_test.HomeDetailsPage"/>
  <system-out/>
</testsuite> <!-- C21Recaptcha_test.HomeDetailsPage -->
