<?xml version="1.0" encoding="UTF-8"?>
<!-- Generated by org.testng.reporters.JUnitReportReporter -->
<testsuite skipped="0" hostname="B2ML39194" name="testcase.testcase_1" tests="1" failures="0" timestamp="2021-09-15T15:04:08 IST" time="0.357" errors="0">
  <testcase name="search" time="0.357" classname="testcase.testcase_1"/>
  <system-out/>
</testsuite> <!-- testcase.testcase_1 -->
