<?xml version="1.0" encoding="UTF-8"?>
<!-- Generated by org.testng.reporters.JUnitReportReporter -->
<testsuite skipped="0" hostname="B2ML39194" name="recaptcha_test.DirectSignup" tests="1" failures="0" timestamp="2021-11-03T08:43:43 IST" time="29.558" errors="0">
  <testcase name="DirectSignupContact" time="29.558" classname="recaptcha_test.DirectSignup"/>
  <system-out/>
</testsuite> <!-- recaptcha_test.DirectSignup -->
