<?xml version="1.0" encoding="UTF-8"?>
<!-- Generated by org.testng.reporters.JUnitReportReporter -->
<testsuite skipped="0" hostname="B2ML39194" name="recaptcha_test.DirectSignup" tests="1" failures="0" timestamp="2021-10-01T18:02:48 IST" time="16.707" errors="0">
  <testcase name="DirectSignupContact" time="16.707" classname="recaptcha_test.DirectSignup"/>
  <system-out/>
</testsuite> <!-- recaptcha_test.DirectSignup -->
