<?xml version="1.0" encoding="UTF-8"?>
<!-- Generated by org.testng.reporters.JUnitReportReporter -->
<testsuite skipped="0" hostname="B2ML39194" name="C21Recaptcha_test.ListViewC21" tests="2" failures="0" timestamp="2021-10-01T16:44:18 IST" time="97.364" errors="0">
  <testcase name="saveSearchListViewC21" time="58.639" classname="C21Recaptcha_test.ListViewC21"/>
  <system-out/>
  <testcase name="HeartIconinListViewC21" time="38.725" classname="C21Recaptcha_test.ListViewC21"/>
  <system-out/>
</testsuite> <!-- C21Recaptcha_test.ListViewC21 -->
