<?xml version="1.0" encoding="UTF-8"?>
<!-- Generated by org.testng.reporters.JUnitReportReporter -->
<testsuite skipped="0" hostname="B2ML39194" name="recaptcha_test.AgentWebSite" tests="1" failures="0" timestamp="2021-09-30T20:20:59 IST" time="46.760" errors="0">
  <testcase name="contactAgent" time="46.760" classname="recaptcha_test.AgentWebSite"/>
  <system-out/>
</testsuite> <!-- recaptcha_test.AgentWebSite -->
