<?xml version="1.0" encoding="UTF-8"?>
<!-- Generated by org.testng.reporters.JUnitReportReporter -->
<testsuite skipped="0" hostname="B2ML39194" name="recaptcha.ListView" tests="2" failures="0" timestamp="2021-09-30T17:37:55 IST" time="75.789" errors="0">
  <testcase name="saveSearchListView" time="33.997" classname="recaptcha.ListView"/>
  <system-out/>
  <testcase name="HeartIconinListView" time="41.792" classname="recaptcha.ListView"/>
  <system-out/>
</testsuite> <!-- recaptcha.ListView -->
